<?xml version="1.0" encoding="UTF-8"?>
<!-- Generated by org.testng.reporters.JUnitXMLReporter -->
<testsuite ignored="0" hostname="LAPTOP-925DVR4J" failures="2" tests="6" name="SnapDealHybridPom" time="207.819" errors="0" timestamp="2023-10-04T10:49:07 IST">
  <testcase classname="com.snapdeal.testcases.Login" name="verifyWithvalidCredentials" time="28.261"/>
  <testcase classname="com.snapdeal.testcases.Login" name="verifyNotRegisteredFields" time="23.224"/>
  <testcase classname="com.snapdeal.testcases.Login" name="notvalidfileds" time="22.688"/>
  <testcase classname="com.snapdeal.testcases.Login" name="loginwithemptyfileds" time="22.912"/>
  <testcase classname="com.snapdeal.testcases.Login" name="loginwithUnRegistermail" time="25.911">
    <failure type="java.lang.AssertionError" message="expected [Create an account on Snapdeal] but found []">
      <![CDATA[java.lang.AssertionError: expected [Create an account on Snapdeal] but found []
at com.snapdeal.testcases.Login.loginwithUnRegistermail(Login.java:112)
at java.base/java.util.ArrayList.forEach(ArrayList.java:1511)
at com.intellij.rt.testng.IDEARemoteTestNG.run(IDEARemoteTestNG.java:66)
at com.intellij.rt.testng.RemoteTestNGStarter.main(RemoteTestNGStarter.java:105)
... Removed 30 stack frames]]>
    </failure>
  </testcase> <!-- loginwithUnRegistermail -->
  <testcase classname="com.snapdeal.testcases.Login" name="loginwithregistermail" time="8.491">
    <failure type="org.openqa.selenium.NoSuchElementException" message="Unable to find element with locator By.id: identifierId
For documentation on this error, please visit: https://www.selenium.dev/documentation/webdriver/troubleshooting/errors#no-such-element-exception
Build info: version: &amp;apos;4.12.1&amp;apos;, revision: &amp;apos;8e34639b11&amp;apos;
System info: os.name: &amp;apos;Windows 10&amp;apos;, os.arch: &amp;apos;amd64&amp;apos;, os.version: &amp;apos;10.0&amp;apos;, java.version: &amp;apos;17&amp;apos;
Driver info: driver.version: RemoteWebDriver">
      <![CDATA[org.openqa.selenium.NoSuchElementException: Unable to find element with locator By.id: identifierId
For documentation on this error, please visit: https://www.selenium.dev/documentation/webdriver/troubleshooting/errors#no-such-element-exception
Build info: version: '4.12.1', revision: '8e34639b11'
System info: os.name: 'Windows 10', os.arch: 'amd64', os.version: '10.0', java.version: '17'
Driver info: driver.version: RemoteWebDriver
at org.openqa.selenium.remote.ElementLocation$ElementFinder$2.findElement(ElementLocation.java:168)
at org.openqa.selenium.remote.ElementLocation.findElement(ElementLocation.java:59)
at org.openqa.selenium.remote.RemoteWebDriver.findElement(RemoteWebDriver.java:359)
at org.openqa.selenium.remote.RemoteWebDriver.findElement(RemoteWebDriver.java:353)
at org.openqa.selenium.support.pagefactory.DefaultElementLocator.findElement(DefaultElementLocator.java:68)
at org.openqa.selenium.support.pagefactory.internal.LocatingElementHandler.invoke(LocatingElementHandler.java:38)
at jdk.proxy2/jdk.proxy2.$Proxy15.click(Unknown Source)
at com.snapdeal.pages.LoginPage.mailId(LoginPage.java:73)
at com.snapdeal.testcases.Login.loginwithregistermail(Login.java:127)
at java.base/java.util.ArrayList.forEach(ArrayList.java:1511)
at com.intellij.rt.testng.IDEARemoteTestNG.run(IDEARemoteTestNG.java:66)
at com.intellij.rt.testng.RemoteTestNGStarter.main(RemoteTestNGStarter.java:105)
... Removed 24 stack frames]]>
    </failure>
  </testcase> <!-- loginwithregistermail -->
</testsuite> <!-- SnapDealHybridPom -->
