<?xml version="1.0" encoding="UTF-8"?>
<testng-results ignored="0" total="6" passed="4" failed="2" skipped="0">
  <reporter-output>
  </reporter-output>
  <suite started-at="2023-10-04T10:45:40 IST" name="Default Suite" finished-at="2023-10-04T10:49:07 IST" duration-ms="207819">
    <groups>
    </groups>
    <test started-at="2023-10-04T10:45:40 IST" name="SnapDealHybridPom" finished-at="2023-10-04T10:49:07 IST" duration-ms="207819">
      <class name="com.snapdeal.testcases.Login">
        <test-method is-config="true" signature="setup()[pri:0, instance:com.snapdeal.testcases.Login@79ca92b9]" started-at="2023-10-04T10:45:40 IST" name="setup" finished-at="2023-10-04T10:46:03 IST" duration-ms="23751" status="PASS">
          <reporter-output>
          </reporter-output>
        </test-method> <!-- setup -->
        <test-method signature="verifyWithvalidCredentials()[pri:1, instance:com.snapdeal.testcases.Login@79ca92b9]" started-at="2023-10-04T10:46:03 IST" name="verifyWithvalidCredentials" finished-at="2023-10-04T10:46:32 IST" duration-ms="28261" status="PASS">
          <reporter-output>
          </reporter-output>
        </test-method> <!-- verifyWithvalidCredentials -->
        <test-method is-config="true" signature="tearDown()[pri:0, instance:com.snapdeal.testcases.Login@79ca92b9]" started-at="2023-10-04T10:46:32 IST" name="tearDown" finished-at="2023-10-04T10:46:32 IST" duration-ms="224" status="PASS">
          <reporter-output>
          </reporter-output>
        </test-method> <!-- tearDown -->
        <test-method is-config="true" signature="setup()[pri:0, instance:com.snapdeal.testcases.Login@79ca92b9]" started-at="2023-10-04T10:46:32 IST" name="setup" finished-at="2023-10-04T10:46:42 IST" duration-ms="10573" status="PASS">
          <reporter-output>
          </reporter-output>
        </test-method> <!-- setup -->
        <test-method signature="verifyNotRegisteredFields()[pri:2, instance:com.snapdeal.testcases.Login@79ca92b9]" started-at="2023-10-04T10:46:42 IST" name="verifyNotRegisteredFields" finished-at="2023-10-04T10:47:06 IST" duration-ms="23224" status="PASS">
          <reporter-output>
          </reporter-output>
        </test-method> <!-- verifyNotRegisteredFields -->
        <test-method is-config="true" signature="tearDown()[pri:0, instance:com.snapdeal.testcases.Login@79ca92b9]" started-at="2023-10-04T10:47:06 IST" name="tearDown" finished-at="2023-10-04T10:47:06 IST" duration-ms="192" status="PASS">
          <reporter-output>
          </reporter-output>
        </test-method> <!-- tearDown -->
        <test-method is-config="true" signature="setup()[pri:0, instance:com.snapdeal.testcases.Login@79ca92b9]" started-at="2023-10-04T10:47:06 IST" name="setup" finished-at="2023-10-04T10:47:16 IST" duration-ms="9949" status="PASS">
          <reporter-output>
          </reporter-output>
        </test-method> <!-- setup -->
        <test-method signature="notvalidfileds()[pri:3, instance:com.snapdeal.testcases.Login@79ca92b9]" started-at="2023-10-04T10:47:16 IST" name="notvalidfileds" finished-at="2023-10-04T10:47:38 IST" duration-ms="22688" status="PASS">
          <reporter-output>
          </reporter-output>
        </test-method> <!-- notvalidfileds -->
        <test-method is-config="true" signature="tearDown()[pri:0, instance:com.snapdeal.testcases.Login@79ca92b9]" started-at="2023-10-04T10:47:38 IST" name="tearDown" finished-at="2023-10-04T10:47:39 IST" duration-ms="490" status="PASS">
          <reporter-output>
          </reporter-output>
        </test-method> <!-- tearDown -->
        <test-method is-config="true" signature="setup()[pri:0, instance:com.snapdeal.testcases.Login@79ca92b9]" started-at="2023-10-04T10:47:39 IST" name="setup" finished-at="2023-10-04T10:47:49 IST" duration-ms="9820" status="PASS">
          <reporter-output>
          </reporter-output>
        </test-method> <!-- setup -->
        <test-method signature="loginwithemptyfileds()[pri:4, instance:com.snapdeal.testcases.Login@79ca92b9]" started-at="2023-10-04T10:47:49 IST" name="loginwithemptyfileds" finished-at="2023-10-04T10:48:12 IST" duration-ms="22912" status="PASS">
          <reporter-output>
          </reporter-output>
        </test-method> <!-- loginwithemptyfileds -->
        <test-method is-config="true" signature="tearDown()[pri:0, instance:com.snapdeal.testcases.Login@79ca92b9]" started-at="2023-10-04T10:48:12 IST" name="tearDown" finished-at="2023-10-04T10:48:12 IST" duration-ms="416" status="PASS">
          <reporter-output>
          </reporter-output>
        </test-method> <!-- tearDown -->
        <test-method is-config="true" signature="setup()[pri:0, instance:com.snapdeal.testcases.Login@79ca92b9]" started-at="2023-10-04T10:48:12 IST" name="setup" finished-at="2023-10-04T10:48:22 IST" duration-ms="10288" status="PASS">
          <reporter-output>
          </reporter-output>
        </test-method> <!-- setup -->
        <test-method signature="loginwithUnRegistermail()[pri:5, instance:com.snapdeal.testcases.Login@79ca92b9]" started-at="2023-10-04T10:48:22 IST" name="loginwithUnRegistermail" finished-at="2023-10-04T10:48:48 IST" duration-ms="25911" status="FAIL">
          <exception class="java.lang.AssertionError">
            <message>
              <![CDATA[expected [Create an account on Snapdeal] but found []]]>
            </message>
            <full-stacktrace>
              <![CDATA[java.lang.AssertionError: expected [Create an account on Snapdeal] but found []
at org.testng.Assert.fail(Assert.java:110)
at org.testng.Assert.failNotEquals(Assert.java:1577)
at org.testng.Assert.assertEqualsImpl(Assert.java:149)
at org.testng.Assert.assertEquals(Assert.java:131)
at org.testng.Assert.assertEquals(Assert.java:655)
at org.testng.Assert.assertEquals(Assert.java:665)
at com.snapdeal.testcases.Login.loginwithUnRegistermail(Login.java:112)
at java.base/jdk.internal.reflect.NativeMethodAccessorImpl.invoke0(Native Method)
at java.base/jdk.internal.reflect.NativeMethodAccessorImpl.invoke(NativeMethodAccessorImpl.java:77)
at java.base/jdk.internal.reflect.DelegatingMethodAccessorImpl.invoke(DelegatingMethodAccessorImpl.java:43)
at java.base/java.lang.reflect.Method.invoke(Method.java:568)
at org.testng.internal.invokers.MethodInvocationHelper.invokeMethod(MethodInvocationHelper.java:139)
at org.testng.internal.invokers.TestInvoker.invokeMethod(TestInvoker.java:677)
at org.testng.internal.invokers.TestInvoker.invokeTestMethod(TestInvoker.java:221)
at org.testng.internal.invokers.MethodRunner.runInSequence(MethodRunner.java:50)
at org.testng.internal.invokers.TestInvoker$MethodInvocationAgent.invoke(TestInvoker.java:969)
at org.testng.internal.invokers.TestInvoker.invokeTestMethods(TestInvoker.java:194)
at org.testng.internal.invokers.TestMethodWorker.invokeTestMethods(TestMethodWorker.java:148)
at org.testng.internal.invokers.TestMethodWorker.run(TestMethodWorker.java:128)
at java.base/java.util.ArrayList.forEach(ArrayList.java:1511)
at org.testng.TestRunner.privateRun(TestRunner.java:829)
at org.testng.TestRunner.run(TestRunner.java:602)
at org.testng.SuiteRunner.runTest(SuiteRunner.java:437)
at org.testng.SuiteRunner.runSequentially(SuiteRunner.java:431)
at org.testng.SuiteRunner.privateRun(SuiteRunner.java:391)
at org.testng.SuiteRunner.run(SuiteRunner.java:330)
at org.testng.SuiteRunnerWorker.runSuite(SuiteRunnerWorker.java:52)
at org.testng.SuiteRunnerWorker.run(SuiteRunnerWorker.java:95)
at org.testng.TestNG.runSuitesSequentially(TestNG.java:1256)
at org.testng.TestNG.runSuitesLocally(TestNG.java:1176)
at org.testng.TestNG.runSuites(TestNG.java:1099)
at org.testng.TestNG.run(TestNG.java:1067)
at com.intellij.rt.testng.IDEARemoteTestNG.run(IDEARemoteTestNG.java:66)
at com.intellij.rt.testng.RemoteTestNGStarter.main(RemoteTestNGStarter.java:105)
]]>
            </full-stacktrace>
          </exception> <!-- java.lang.AssertionError -->
          <reporter-output>
          </reporter-output>
        </test-method> <!-- loginwithUnRegistermail -->
        <test-method is-config="true" signature="tearDown()[pri:0, instance:com.snapdeal.testcases.Login@79ca92b9]" started-at="2023-10-04T10:48:48 IST" name="tearDown" finished-at="2023-10-04T10:48:49 IST" duration-ms="426" status="PASS">
          <reporter-output>
          </reporter-output>
        </test-method> <!-- tearDown -->
        <test-method is-config="true" signature="setup()[pri:0, instance:com.snapdeal.testcases.Login@79ca92b9]" started-at="2023-10-04T10:48:49 IST" name="setup" finished-at="2023-10-04T10:48:58 IST" duration-ms="9704" status="PASS">
          <reporter-output>
          </reporter-output>
        </test-method> <!-- setup -->
        <test-method signature="loginwithregistermail()[pri:6, instance:com.snapdeal.testcases.Login@79ca92b9]" started-at="2023-10-04T10:48:58 IST" name="loginwithregistermail" finished-at="2023-10-04T10:49:07 IST" duration-ms="8491" status="FAIL">
          <exception class="org.openqa.selenium.NoSuchElementException">
            <message>
              <![CDATA[Unable to find element with locator By.id: identifierId
For documentation on this error, please visit: https://www.selenium.dev/documentation/webdriver/troubleshooting/errors#no-such-element-exception
Build info: version: '4.12.1', revision: '8e34639b11'
System info: os.name: 'Windows 10', os.arch: 'amd64', os.version: '10.0', java.version: '17'
Driver info: driver.version: RemoteWebDriver]]>
            </message>
            <full-stacktrace>
              <![CDATA[org.openqa.selenium.NoSuchElementException: Unable to find element with locator By.id: identifierId
For documentation on this error, please visit: https://www.selenium.dev/documentation/webdriver/troubleshooting/errors#no-such-element-exception
Build info: version: '4.12.1', revision: '8e34639b11'
System info: os.name: 'Windows 10', os.arch: 'amd64', os.version: '10.0', java.version: '17'
Driver info: driver.version: RemoteWebDriver
at org.openqa.selenium.remote.ElementLocation$ElementFinder$2.findElement(ElementLocation.java:168)
at org.openqa.selenium.remote.ElementLocation.findElement(ElementLocation.java:59)
at org.openqa.selenium.remote.RemoteWebDriver.findElement(RemoteWebDriver.java:359)
at org.openqa.selenium.remote.RemoteWebDriver.findElement(RemoteWebDriver.java:353)
at org.openqa.selenium.support.pagefactory.DefaultElementLocator.findElement(DefaultElementLocator.java:68)
at org.openqa.selenium.support.pagefactory.internal.LocatingElementHandler.invoke(LocatingElementHandler.java:38)
at jdk.proxy2/jdk.proxy2.$Proxy15.click(Unknown Source)
at com.snapdeal.pages.LoginPage.mailId(LoginPage.java:73)
at com.snapdeal.testcases.Login.loginwithregistermail(Login.java:127)
at java.base/jdk.internal.reflect.NativeMethodAccessorImpl.invoke0(Native Method)
at java.base/jdk.internal.reflect.NativeMethodAccessorImpl.invoke(NativeMethodAccessorImpl.java:77)
at java.base/jdk.internal.reflect.DelegatingMethodAccessorImpl.invoke(DelegatingMethodAccessorImpl.java:43)
at java.base/java.lang.reflect.Method.invoke(Method.java:568)
at org.testng.internal.invokers.MethodInvocationHelper.invokeMethod(MethodInvocationHelper.java:139)
at org.testng.internal.invokers.TestInvoker.invokeMethod(TestInvoker.java:677)
at org.testng.internal.invokers.TestInvoker.invokeTestMethod(TestInvoker.java:221)
at org.testng.internal.invokers.MethodRunner.runInSequence(MethodRunner.java:50)
at org.testng.internal.invokers.TestInvoker$MethodInvocationAgent.invoke(TestInvoker.java:969)
at org.testng.internal.invokers.TestInvoker.invokeTestMethods(TestInvoker.java:194)
at org.testng.internal.invokers.TestMethodWorker.invokeTestMethods(TestMethodWorker.java:148)
at org.testng.internal.invokers.TestMethodWorker.run(TestMethodWorker.java:128)
at java.base/java.util.ArrayList.forEach(ArrayList.java:1511)
at org.testng.TestRunner.privateRun(TestRunner.java:829)
at org.testng.TestRunner.run(TestRunner.java:602)
at org.testng.SuiteRunner.runTest(SuiteRunner.java:437)
at org.testng.SuiteRunner.runSequentially(SuiteRunner.java:431)
at org.testng.SuiteRunner.privateRun(SuiteRunner.java:391)
at org.testng.SuiteRunner.run(SuiteRunner.java:330)
at org.testng.SuiteRunnerWorker.runSuite(SuiteRunnerWorker.java:52)
at org.testng.SuiteRunnerWorker.run(SuiteRunnerWorker.java:95)
at org.testng.TestNG.runSuitesSequentially(TestNG.java:1256)
at org.testng.TestNG.runSuitesLocally(TestNG.java:1176)
at org.testng.TestNG.runSuites(TestNG.java:1099)
at org.testng.TestNG.run(TestNG.java:1067)
at com.intellij.rt.testng.IDEARemoteTestNG.run(IDEARemoteTestNG.java:66)
at com.intellij.rt.testng.RemoteTestNGStarter.main(RemoteTestNGStarter.java:105)
]]>
            </full-stacktrace>
          </exception> <!-- org.openqa.selenium.NoSuchElementException -->
          <reporter-output>
          </reporter-output>
        </test-method> <!-- loginwithregistermail -->
        <test-method is-config="true" signature="tearDown()[pri:0, instance:com.snapdeal.testcases.Login@79ca92b9]" started-at="2023-10-04T10:49:07 IST" name="tearDown" finished-at="2023-10-04T10:49:07 IST" duration-ms="357" status="PASS">
          <reporter-output>
          </reporter-output>
        </test-method> <!-- tearDown -->
      </class> <!-- com.snapdeal.testcases.Login -->
    </test> <!-- SnapDealHybridPom -->
  </suite> <!-- Default Suite -->
</testng-results>
